distance	count.Inner	count.Outer	count.Right	count.Left	sum	log10count.Inner	log10count.Outer	log10count.Right	log10count.Left	log10sum	proportion.Inner	proportion.Outer	proportion.Right	proportion.Left	allpossible_sumcount	prob	log10prob
1.050	915	1286	86	110	2397	2.961	3.109	1.934	2.041	3.380	0.382	0.537	0.036	0.046	2.493E+08	3.714E-06	-5.430
1.150	800	1268	79	120	2267	2.903	3.103	1.898	2.079	3.355	0.353	0.559	0.035	0.053	2.493E+08	2.790E-06	-5.554
1.250	1213	1411	107	145	2876	3.084	3.150	2.029	2.161	3.459	0.422	0.491	0.037	0.050	2.493E+08	2.812E-06	-5.551
1.350	1905	2180	153	229	4467	3.280	3.338	2.185	2.360	3.650	0.426	0.488	0.034	0.051	2.493E+08	3.469E-06	-5.460
1.450	2143	2088	174	232	4637	3.331	3.320	2.241	2.365	3.666	0.462	0.450	0.038	0.050	2.493E+08	2.860E-06	-5.544
1.550	5908	2644	313	382	9247	3.771	3.422	2.496	2.582	3.966	0.639	0.286	0.034	0.041	2.493E+08	4.531E-06	-5.344
1.650	17234	3471	637	752	22094	4.236	3.540	2.804	2.876	4.344	0.780	0.157	0.029	0.034	2.493E+08	8.599E-06	-5.066
1.750	60710	4007	1581	1701	67999	4.783	3.603	3.199	3.231	4.833	0.893	0.059	0.023	0.025	2.493E+08	2.102E-05	-4.677
1.850	181176	5189	7573	7749	201687	5.258	3.715	3.879	3.889	5.305	0.898	0.026	0.038	0.038	2.493E+08	4.953E-05	-4.305
1.950	320154	6739	13582	13632	354107	5.505	3.829	4.133	4.135	5.549	0.904	0.019	0.038	0.038	2.493E+08	6.908E-05	-4.161
2.050	566589	9682	19117	19349	614737	5.753	3.986	4.281	4.287	5.789	0.922	0.016	0.031	0.031	2.493E+08	9.525E-05	-4.021
2.150	945753	15073	27442	27185	1015453	5.976	4.178	4.438	4.434	6.007	0.931	0.015	0.027	0.027	2.493E+08	1.250E-04	-3.903
2.250	1989562	24372	38728	38326	2090988	6.299	4.387	4.588	4.583	6.320	0.951	0.012	0.019	0.018	2.493E+08	2.044E-04	-3.689
2.350	5900458	42293	54421	53650	6050822	6.771	4.626	4.736	4.730	6.782	0.975	0.007	0.009	0.009	2.493E+08	4.699E-04	-3.328
2.450	19433374	73725	79473	78975	19665547	7.289	4.868	4.900	4.897	7.294	0.988	0.004	0.004	0.004	2.493E+08	1.213E-03	-2.916
2.550	42785002	124931	129288	129700	43168921	7.631	5.097	5.112	5.113	7.635	0.991	0.003	0.003	0.003	2.493E+08	2.115E-03	-2.675
2.650	34127013	189263	212189	212605	34741070	7.533	5.277	5.327	5.328	7.541	0.982	0.005	0.006	0.006	2.493E+08	1.352E-03	-2.869
2.750	12206177	250019	317468	317473	13091137	7.087	5.398	5.502	5.502	7.117	0.932	0.019	0.024	0.024	2.493E+08	4.047E-04	-3.393
2.850	2420094	330621	441739	442880	3635334	6.384	5.519	5.645	5.646	6.561	0.666	0.091	0.122	0.122	2.492E+08	8.928E-05	-4.049
2.950	719329	446370	561508	562290	2289497	5.857	5.650	5.749	5.750	6.360	0.314	0.195	0.245	0.246	2.492E+08	4.466E-05	-4.350
3.050	737048	605338	697909	697421	2737716	5.867	5.782	5.844	5.843	6.437	0.269	0.221	0.255	0.255	2.492E+08	4.242E-05	-4.372
3.150	876478	794093	852812	850707	3374090	5.943	5.900	5.931	5.930	6.528	0.260	0.235	0.253	0.252	2.492E+08	4.153E-05	-4.382
3.250	1064833	1000061	1037746	1033149	4135789	6.027	6.000	6.016	6.014	6.617	0.257	0.242	0.251	0.250	2.492E+08	4.043E-05	-4.393
3.350	1278326	1228527	1242707	1241127	4990687	6.107	6.089	6.094	6.094	6.698	0.256	0.246	0.249	0.249	2.492E+08	3.876E-05	-4.412
3.450	1513373	1477688	1476497	1475392	5942950	6.180	6.170	6.169	6.169	6.774	0.255	0.249	0.248	0.248	2.492E+08	3.666E-05	-4.436
3.550	1765181	1724127	1725872	1721473	6936653	6.247	6.237	6.237	6.236	6.841	0.254	0.249	0.249	0.248	2.492E+08	3.399E-05	-4.469
3.650	2025152	1990594	1983135	1985242	7984123	6.306	6.299	6.297	6.298	6.902	0.254	0.249	0.248	0.249	2.492E+08	3.108E-05	-4.508
3.750	2294999	2265494	2236960	2231599	9029052	6.361	6.355	6.350	6.349	6.956	0.254	0.251	0.248	0.247	2.492E+08	2.792E-05	-4.554
3.850	2525982	2484281	2471276	2466099	9947638	6.402	6.395	6.393	6.392	6.998	0.254	0.250	0.248	0.248	2.492E+08	2.443E-05	-4.612
3.950	2700021	2682072	2670153	2664218	10716464	6.431	6.428	6.427	6.426	7.030	0.252	0.250	0.249	0.249	2.492E+08	2.091E-05	-4.680
4.050	2879879	2873241	2828602	2829890	11411612	6.459	6.458	6.452	6.452	7.057	0.252	0.252	0.248	0.248	2.492E+08	1.768E-05	-4.752
4.150	2985364	2972276	2964047	2960530	11882217	6.475	6.473	6.472	6.471	7.075	0.251	0.250	0.249	0.249	2.492E+08	1.463E-05	-4.835
4.250	3088285	3094824	3073252	3068958	12325319	6.490	6.491	6.488	6.487	7.091	0.251	0.251	0.249	0.249	2.492E+08	1.205E-05	-4.919
4.350	3178048	3170860	3174549	3169283	12692740	6.502	6.501	6.502	6.501	7.104	0.250	0.250	0.250	0.250	2.492E+08	9.858E-06	-5.006
4.450	3283071	3281778	3291641	3288193	13144683	6.516	6.516	6.517	6.517	7.119	0.250	0.250	0.250	0.250	2.492E+08	8.109E-06	-5.091
4.550	3402573	3399329	3414107	3408832	13624841	6.532	6.531	6.533	6.533	7.134	0.250	0.249	0.251	0.250	2.492E+08	6.677E-06	-5.175
4.650	3534655	3535295	3544320	3541906	14156176	6.548	6.548	6.550	6.549	7.151	0.250	0.250	0.250	0.250	2.492E+08	5.511E-06	-5.259
4.750	3709348	3709380	3714255	3710594	14843577	6.569	6.569	6.570	6.569	7.172	0.250	0.250	0.250	0.250	2.492E+08	4.590E-06	-5.338
4.850	3914057	3909765	3921677	3919724	15665223	6.593	6.592	6.593	6.593	7.195	0.250	0.250	0.250	0.250	2.492E+08	3.848E-06	-5.415
4.950	4162387	4161696	4156454	4153874	16634411	6.619	6.619	6.619	6.618	7.221	0.250	0.250	0.250	0.250	2.492E+08	3.246E-06	-5.489
5.050	4409338	4405349	4412130	4409848	17636665	6.644	6.644	6.645	6.644	7.246	0.250	0.250	0.250	0.250	2.491E+08	2.734E-06	-5.563
5.150	4657995	4650575	4668508	4664727	18641805	6.668	6.668	6.669	6.669	7.270	0.250	0.249	0.250	0.250	2.491E+08	2.296E-06	-5.639
5.250	4890898	4889346	4911290	4905056	19596590	6.689	6.689	6.691	6.691	7.292	0.250	0.249	0.251	0.250	2.491E+08	1.917E-06	-5.717
5.350	5226481	5248239	5174760	5168498	20817978	6.718	6.720	6.714	6.713	7.318	0.251	0.252	0.249	0.248	2.490E+08	1.618E-06	-5.791
5.450	5245400	5247879	5271276	5256344	21020899	6.720	6.720	6.722	6.721	7.323	0.250	0.250	0.251	0.250	2.490E+08	1.298E-06	-5.887
5.550	5280222	5282669	5301492	5298306	21162689	6.723	6.723	6.724	6.724	7.326	0.250	0.250	0.251	0.250	2.489E+08	1.038E-06	-5.984
5.650	5220274	5223690	5242302	5230428	20916694	6.718	6.718	6.720	6.719	7.320	0.250	0.250	0.251	0.250	2.488E+08	8.156E-07	-6.089
5.750	5065469	5073142	5092018	5085342	20315971	6.705	6.705	6.707	6.706	7.308	0.249	0.250	0.251	0.250	2.487E+08	6.295E-07	-6.201
5.850	4815859	4827320	4835614	4829279	19308072	6.683	6.684	6.684	6.684	7.286	0.249	0.250	0.250	0.250	2.485E+08	4.755E-07	-6.323
5.950	4525456	4531048	4540604	4528553	18125661	6.656	6.656	6.657	6.656	7.258	0.250	0.250	0.251	0.250	2.484E+08	3.548E-07	-6.450
6.050	4167623	4179305	4181242	4171050	16699220	6.620	6.621	6.621	6.620	7.223	0.250	0.250	0.250	0.250	2.481E+08	2.599E-07	-6.585
6.150	3856464	3865323	3873689	3859361	15454837	6.586	6.587	6.588	6.587	7.189	0.250	0.250	0.251	0.250	2.478E+08	1.913E-07	-6.718
6.250	3507386	3525506	3557470	3537846	14128208	6.545	6.547	6.551	6.549	7.150	0.248	0.250	0.252	0.250	2.475E+08	1.391E-07	-6.857
6.350	3217450	3222879	3239440	3224151	12903920	6.508	6.508	6.510	6.508	7.111	0.249	0.250	0.251	0.250	2.470E+08	1.011E-07	-6.995
6.450	3016502	3030107	3028094	3011718	12086421	6.480	6.481	6.481	6.479	7.082	0.250	0.251	0.251	0.249	2.464E+08	7.541E-08	-7.123
6.550	2840331	2846428	2855370	2834194	11376323	6.453	6.454	6.456	6.452	7.056	0.250	0.250	0.251	0.249	2.457E+08	5.655E-08	-7.248
6.650	2676084	2680257	2708019	2690604	10754964	6.427	6.428	6.433	6.430	7.032	0.249	0.249	0.252	0.250	2.448E+08	4.262E-08	-7.370
6.750	2542781	2547483	2575805	2562076	10228145	6.405	6.406	6.411	6.409	7.010	0.249	0.249	0.252	0.250	2.436E+08	3.235E-08	-7.490
6.850	2493655	2495871	2504797	2491744	9986067	6.397	6.397	6.399	6.397	6.999	0.250	0.250	0.251	0.250	2.422E+08	2.524E-08	-7.598
6.950	2534722	2535369	2544097	2535362	10149550	6.404	6.404	6.406	6.404	7.006	0.250	0.250	0.251	0.250	2.403E+08	2.053E-08	-7.688
7.050	2629683	2629709	2641581	2628005	10528978	6.420	6.420	6.422	6.420	7.022	0.250	0.250	0.251	0.250	2.380E+08	1.708E-08	-7.767
7.150	2696949	2700049	2717714	2703939	10818651	6.431	6.431	6.434	6.432	7.034	0.249	0.250	0.251	0.250	2.351E+08	1.412E-08	-7.850
7.250	2798580	2799040	2806358	2792783	11196761	6.447	6.447	6.448	6.446	7.049	0.250	0.250	0.251	0.249	2.315E+08	1.179E-08	-7.929
7.350	2908308	2906390	2958158	2935598	11708454	6.464	6.463	6.471	6.468	7.068	0.248	0.248	0.253	0.251	2.269E+08	9.990E-09	-8.000
7.450	2857602	2856418	2883128	2856877	11454025	6.456	6.456	6.460	6.456	7.059	0.249	0.249	0.252	0.249	2.211E+08	7.966E-09	-8.099
7.550	2407580	2407952	2421543	2403660	9640735	6.382	6.382	6.384	6.381	6.984	0.250	0.250	0.251	0.249	2.138E+08	5.508E-09	-8.259
7.650	2006865	2003786	2020633	1998212	8029496	6.303	6.302	6.305	6.301	6.905	0.250	0.250	0.252	0.249	2.046E+08	3.808E-09	-8.419
7.750	1597542	1596584	1605259	1584926	6384311	6.203	6.203	6.206	6.200	6.805	0.250	0.250	0.251	0.248	1.930E+08	2.549E-09	-8.594
7.850	1228927	1224584	1236606	1222632	4912749	6.090	6.088	6.092	6.087	6.691	0.250	0.249	0.252	0.249	1.785E+08	1.685E-09	-8.773
7.950	876149	877927	878513	865701	3498290	5.943	5.943	5.944	5.937	6.544	0.250	0.251	0.251	0.247	1.601E+08	1.062E-09	-8.974
8.050	757911	759484	765619	755551	3038565	5.880	5.881	5.884	5.878	6.483	0.249	0.250	0.252	0.249	1.370E+08	8.563E-10	-9.067
8.150	625152	627502	637178	620479	2510311	5.796	5.798	5.804	5.793	6.400	0.249	0.250	0.254	0.247	1.080E+08	7.131E-10	-9.147
8.250	371221	371299	376051	371220	1489791	5.570	5.570	5.575	5.570	6.173	0.249	0.249	0.252	0.249	7.142E+07	5.083E-10	-9.294
8.350	156238	154434	159289	154354	624315	5.194	5.189	5.202	5.189	5.795	0.250	0.247	0.255	0.247	2.538E+07	4.762E-10	-9.322
