distance	count.Inner	count.Outer	count.Right	count.Left	sum	log10count.Inner	log10count.Outer	log10count.Right	log10count.Left	log10sum	proportion.Inner	proportion.Outer	proportion.Right	proportion.Left	allpossible_sumcount	prob	log10prob
1.100	1715	2554	165	230	4664	3.234	3.407	2.217	2.362	3.669	0.368	0.548	0.035	0.049	2.493E+08	1.871E-05	-4.728
1.300	3118	3591	260	374	7343	3.494	3.555	2.415	2.573	3.866	0.425	0.489	0.035	0.051	2.493E+08	2.946E-05	-4.531
1.500	8051	4732	487	614	13884	3.906	3.675	2.688	2.788	4.143	0.580	0.341	0.035	0.044	2.493E+08	5.570E-05	-4.254
1.700	77944	7478	2218	2453	90093	4.892	3.874	3.346	3.390	4.955	0.865	0.083	0.025	0.027	2.493E+08	3.615E-04	-3.442
1.900	501330	11928	21155	21381	555794	5.700	4.077	4.325	4.330	5.745	0.902	0.021	0.038	0.038	2.493E+08	2.230E-03	-2.652
2.100	1512342	24755	46559	46534	1630190	6.180	4.394	4.668	4.668	6.212	0.928	0.015	0.029	0.029	2.493E+08	6.540E-03	-2.184
2.300	7890020	66665	93149	91976	8141810	6.897	4.824	4.969	4.964	6.911	0.969	0.008	0.011	0.011	2.493E+08	3.267E-02	-1.486
2.500	62218376	198656	208761	208675	62834468	7.794	5.298	5.320	5.319	7.798	0.990	0.003	0.003	0.003	2.493E+08	2.521E-01	-0.598
2.700	46333190	439282	529657	530078	47832207	7.666	5.643	5.724	5.724	7.680	0.969	0.009	0.011	0.011	2.493E+08	1.919E-01	-0.717
2.900	3139423	776991	1003247	1005170	5924831	6.497	5.890	6.001	6.002	6.773	0.530	0.131	0.169	0.170	2.492E+08	2.377E-02	-1.624
3.100	1613526	1399431	1550721	1548128	6111806	6.208	6.146	6.191	6.190	6.786	0.264	0.229	0.254	0.253	2.492E+08	2.452E-02	-1.610
3.300	2343159	2228588	2280453	2274276	9126476	6.370	6.348	6.358	6.357	6.960	0.257	0.244	0.250	0.249	2.492E+08	3.662E-02	-1.436
3.500	3278554	3201815	3202369	3196865	12879603	6.516	6.505	6.505	6.505	7.110	0.255	0.249	0.249	0.248	2.492E+08	5.167E-02	-1.287
3.700	4320151	4256088	4220095	4216841	17013175	6.635	6.629	6.625	6.625	7.231	0.254	0.250	0.248	0.248	2.492E+08	6.826E-02	-1.166
3.900	5226003	5166353	5141429	5130317	20664102	6.718	6.713	6.711	6.710	7.315	0.253	0.250	0.249	0.248	2.492E+08	8.291E-02	-1.081
4.100	5865243	5845517	5792649	5790420	23293829	6.768	6.767	6.763	6.763	7.367	0.252	0.251	0.249	0.249	2.492E+08	9.346E-02	-1.029
4.300	6266333	6265684	6247801	6238241	25018059	6.797	6.797	6.796	6.795	7.398	0.250	0.250	0.250	0.249	2.492E+08	1.004E-01	-0.998
4.500	6685644	6681107	6705748	6697025	26769524	6.825	6.825	6.826	6.826	7.428	0.250	0.250	0.250	0.250	2.492E+08	1.074E-01	-0.969
4.700	7244003	7244675	7258575	7252500	28999753	6.860	6.860	6.861	6.860	7.462	0.250	0.250	0.250	0.250	2.492E+08	1.164E-01	-0.934
4.900	8076444	8071461	8078131	8073598	32299634	6.907	6.907	6.907	6.907	7.509	0.250	0.250	0.250	0.250	2.492E+08	1.296E-01	-0.887
5.100	9067333	9055924	9080638	9074575	36278470	6.957	6.957	6.958	6.958	7.560	0.250	0.250	0.250	0.250	2.491E+08	1.456E-01	-0.837
5.300	10117379	10137585	10086050	10073554	40414568	7.005	7.006	7.004	7.003	7.607	0.250	0.251	0.250	0.249	2.491E+08	1.623E-01	-0.790
5.500	10525622	10530548	10572768	10554650	42183588	7.022	7.022	7.024	7.023	7.625	0.250	0.250	0.251	0.250	2.489E+08	1.695E-01	-0.771
5.700	10285743	10296832	10334320	10315770	41232665	7.012	7.013	7.014	7.014	7.615	0.249	0.250	0.251	0.250	2.487E+08	1.658E-01	-0.781
5.900	9341315	9358368	9376218	9357832	37433733	6.970	6.971	6.972	6.971	7.573	0.250	0.250	0.250	0.250	2.485E+08	1.507E-01	-0.822
6.100	8024087	8044628	8054931	8030411	32154057	6.904	6.906	6.906	6.905	7.507	0.250	0.250	0.251	0.250	2.480E+08	1.297E-01	-0.887
6.300	6724836	6748385	6796910	6761997	27032128	6.828	6.829	6.832	6.830	7.432	0.249	0.250	0.251	0.250	2.473E+08	1.093E-01	-0.961
6.500	5856833	5876535	5883464	5845912	23462744	6.768	6.769	6.770	6.767	7.370	0.250	0.250	0.251	0.249	2.461E+08	9.534E-02	-1.021
6.700	5218865	5227740	5283824	5252680	20983109	6.718	6.718	6.723	6.720	7.322	0.249	0.249	0.252	0.250	2.442E+08	8.591E-02	-1.066
6.900	5028377	5031240	5048894	5027106	20135617	6.701	6.702	6.703	6.701	7.304	0.250	0.250	0.251	0.250	2.413E+08	8.344E-02	-1.079
7.100	5326632	5329758	5359295	5331944	21347629	6.726	6.727	6.729	6.727	7.329	0.250	0.250	0.251	0.250	2.367E+08	9.020E-02	-1.045
7.300	5706888	5705430	5764516	5728381	22905215	6.756	6.756	6.761	6.758	7.360	0.249	0.249	0.252	0.250	2.293E+08	9.989E-02	-1.000
7.500	5265182	5264370	5304671	5260537	21094760	6.721	6.721	6.725	6.721	7.324	0.250	0.250	0.251	0.249	2.176E+08	9.693E-02	-1.014
7.700	3604407	3600370	3625892	3583138	14413807	6.557	6.556	6.559	6.554	7.159	0.250	0.250	0.252	0.249	1.991E+08	7.238E-02	-1.140
7.900	2105076	2102511	2115119	2088333	8411039	6.323	6.323	6.325	6.320	6.925	0.250	0.250	0.251	0.248	1.698E+08	4.953E-02	-1.305
8.100	1383063	1386986	1402797	1376030	5548876	6.141	6.142	6.147	6.139	6.744	0.249	0.250	0.253	0.248	1.234E+08	4.498E-02	-1.347
8.300	527459	525733	535340	525574	2114106	5.722	5.721	5.729	5.721	6.325	0.249	0.249	0.253	0.249	4.972E+07	4.252E-02	-1.371
8.500	0	0	0	0	0	-100.000	-100.000	-100.000	-100.000	-99.398	0.250	0.250	0.250	0.250	-6.698E+07	-0.000E+00	-100.000
8.700	0	0	0	0	0	-100.000	-100.000	-100.000	-100.000	-99.398	0.250	0.250	0.250	0.250	-2.519E+08	-0.000E+00	-100.000
8.900	0	0	0	0	0	-100.000	-100.000	-100.000	-100.000	-99.398	0.250	0.250	0.250	0.250	-5.451E+08	-0.000E+00	-100.000
9.100	0	0	0	0	0	-100.000	-100.000	-100.000	-100.000	-99.398	0.250	0.250	0.250	0.250	-1.010E+09	-0.000E+00	-100.000
9.300	0	0	0	0	0	-100.000	-100.000	-100.000	-100.000	-99.398	0.250	0.250	0.250	0.250	-1.746E+09	-0.000E+00	-100.000
9.500	0	0	0	0	0	-100.000	-100.000	-100.000	-100.000	-99.398	0.250	0.250	0.250	0.250	-2.913E+09	-0.000E+00	-100.000
9.700	0	0	0	0	0	-100.000	-100.000	-100.000	-100.000	-99.398	0.250	0.250	0.250	0.250	-4.763E+09	-0.000E+00	-100.000
9.900	0	0	0	0	0	-100.000	-100.000	-100.000	-100.000	-99.398	0.250	0.250	0.250	0.250	-7.694E+09	-0.000E+00	-100.000
10.100	0	0	0	0	0	-100.000	-100.000	-100.000	-100.000	-99.398	0.250	0.250	0.250	0.250	-1.234E+10	-0.000E+00	-100.000
10.300	0	0	0	0	0	-100.000	-100.000	-100.000	-100.000	-99.398	0.250	0.250	0.250	0.250	-1.970E+10	-0.000E+00	-100.000
10.500	0	0	0	0	0	-100.000	-100.000	-100.000	-100.000	-99.398	0.250	0.250	0.250	0.250	-3.137E+10	-0.000E+00	-100.000
10.700	0	0	0	0	0	-100.000	-100.000	-100.000	-100.000	-99.398	0.250	0.250	0.250	0.250	-4.987E+10	-0.000E+00	-100.000
10.900	0	0	0	0	0	-100.000	-100.000	-100.000	-100.000	-99.398	0.250	0.250	0.250	0.250	-7.918E+10	-0.000E+00	-100.000
11.100	0	0	0	0	0	-100.000	-100.000	-100.000	-100.000	-99.398	0.250	0.250	0.250	0.250	-1.256E+11	-0.000E+00	-100.000
11.300	0	0	0	0	0	-100.000	-100.000	-100.000	-100.000	-99.398	0.250	0.250	0.250	0.250	-1.993E+11	-0.000E+00	-100.000
11.500	0	0	0	0	0	-100.000	-100.000	-100.000	-100.000	-99.398	0.250	0.250	0.250	0.250	-3.160E+11	-0.000E+00	-100.000
11.700	0	0	0	0	0	-100.000	-100.000	-100.000	-100.000	-99.398	0.250	0.250	0.250	0.250	-5.009E+11	-0.000E+00	-100.000
11.900	0	0	0	0	0	-100.000	-100.000	-100.000	-100.000	-99.398	0.250	0.250	0.250	0.250	-7.941E+11	-0.000E+00	-100.000
12.100	0	0	0	0	0	-100.000	-100.000	-100.000	-100.000	-99.398	0.250	0.250	0.250	0.250	-1.259E+12	-0.000E+00	-100.000
12.300	0	0	0	0	0	-100.000	-100.000	-100.000	-100.000	-99.398	0.250	0.250	0.250	0.250	-1.995E+12	-0.000E+00	-100.000
12.500	0	0	0	0	0	-100.000	-100.000	-100.000	-100.000	-99.398	0.250	0.250	0.250	0.250	-3.162E+12	-0.000E+00	-100.000
12.700	0	0	0	0	0	-100.000	-100.000	-100.000	-100.000	-99.398	0.250	0.250	0.250	0.250	-5.012E+12	-0.000E+00	-100.000
12.900	0	0	0	0	0	-100.000	-100.000	-100.000	-100.000	-99.398	0.250	0.250	0.250	0.250	-7.943E+12	-0.000E+00	-100.000
13.100	0	0	0	0	0	-100.000	-100.000	-100.000	-100.000	-99.398	0.250	0.250	0.250	0.250	-1.259E+13	-0.000E+00	-100.000
13.300	0	0	0	0	0	-100.000	-100.000	-100.000	-100.000	-99.398	0.250	0.250	0.250	0.250	-1.995E+13	-0.000E+00	-100.000
13.500	0	0	0	0	0	-100.000	-100.000	-100.000	-100.000	-99.398	0.250	0.250	0.250	0.250	-3.162E+13	-0.000E+00	-100.000
13.700	0	0	0	0	0	-100.000	-100.000	-100.000	-100.000	-99.398	0.250	0.250	0.250	0.250	-5.012E+13	-0.000E+00	-100.000
13.900	0	0	0	0	0	-100.000	-100.000	-100.000	-100.000	-99.398	0.250	0.250	0.250	0.250	-7.943E+13	-0.000E+00	-100.000
14.100	0	0	0	0	0	-100.000	-100.000	-100.000	-100.000	-99.398	0.250	0.250	0.250	0.250	-1.259E+14	-0.000E+00	-100.000
14.300	0	0	0	0	0	-100.000	-100.000	-100.000	-100.000	-99.398	0.250	0.250	0.250	0.250	-1.995E+14	-0.000E+00	-100.000
14.500	0	0	0	0	0	-100.000	-100.000	-100.000	-100.000	-99.398	0.250	0.250	0.250	0.250	-3.162E+14	-0.000E+00	-100.000
14.700	0	0	0	0	0	-100.000	-100.000	-100.000	-100.000	-99.398	0.250	0.250	0.250	0.250	-5.012E+14	-0.000E+00	-100.000
14.900	0	0	0	0	0	-100.000	-100.000	-100.000	-100.000	-99.398	0.250	0.250	0.250	0.250	-7.943E+14	-0.000E+00	-100.000
15.100	0	0	0	0	0	-100.000	-100.000	-100.000	-100.000	-99.398	0.250	0.250	0.250	0.250	-1.259E+15	-0.000E+00	-100.000
15.300	0	0	0	0	0	-100.000	-100.000	-100.000	-100.000	-99.398	0.250	0.250	0.250	0.250	-1.995E+15	-0.000E+00	-100.000
15.500	0	0	0	0	0	-100.000	-100.000	-100.000	-100.000	-99.398	0.250	0.250	0.250	0.250	-3.162E+15	-0.000E+00	-100.000
15.700	0	0	0	0	0	-100.000	-100.000	-100.000	-100.000	-99.398	0.250	0.250	0.250	0.250	-5.012E+15	-0.000E+00	-100.000
15.900	0	0	0	0	0	-100.000	-100.000	-100.000	-100.000	-99.398	0.250	0.250	0.250	0.250	-7.943E+15	-0.000E+00	-100.000
